This is pdfTeX, Version 3.14159265-2.6-1.40.16 (MiKTeX 2.9 64-bit) (preloaded format=latex 2016.5.9)  18 MAY 2016 16:34
entering extended mode
**"./Report for seminar Topics in Data Mining.tex"
("Report for seminar Topics in Data Mining.tex"
LaTeX2e <2015/10/01> patch level 2
Babel <3.9n> and hyphenation patterns for 69 languages loaded.
(sig-alternate-05-2015.cls
("d:\Program Files\MiKTeX 2.9\tex\latex\graphics\epsfig.sty"
Package: epsfig 1999/02/16 v1.7a (e)psfig emulation (SPQR)

("d:\Program Files\MiKTeX 2.9\tex\latex\graphics\graphicx.sty"
Package: graphicx 2014/10/28 v1.0g Enhanced LaTeX Graphics (DPC,SPQR)

("d:\Program Files\MiKTeX 2.9\tex\latex\graphics\keyval.sty"
Package: keyval 2014/10/28 v1.15 key=value parser (DPC)
\KV@toks@=\toks14
)
("d:\Program Files\MiKTeX 2.9\tex\latex\graphics\graphics.sty"
Package: graphics 2014/10/28 v1.0p Standard LaTeX Graphics (DPC,SPQR)

("d:\Program Files\MiKTeX 2.9\tex\latex\graphics\trig.sty"
Package: trig 1999/03/16 v1.09 sin cos tan (DPC)
)
("d:\Program Files\MiKTeX 2.9\tex\latex\00miktex\graphics.cfg"
File: graphics.cfg 2007/01/18 v1.5 graphics configuration of teTeX/TeXLive
)
Package graphics Info: Driver file: dvips.def on input line 94.

("d:\Program Files\MiKTeX 2.9\tex\latex\graphics\dvips.def"
File: dvips.def 2014/10/14 v3.0j Driver-dependent file (DPC,SPQR)
))
\Gin@req@height=\dimen102
\Gin@req@width=\dimen103
)
\epsfxsize=\dimen104
\epsfysize=\dimen105
)
("d:\Program Files\MiKTeX 2.9\tex\latex\amsfonts\amssymb.sty"
Package: amssymb 2013/01/14 v3.01 AMS font symbols

("d:\Program Files\MiKTeX 2.9\tex\latex\amsfonts\amsfonts.sty"
Package: amsfonts 2013/01/14 v3.01 Basic AMSFonts support
\@emptytoks=\toks15
\symAMSa=\mathgroup4
\symAMSb=\mathgroup5
LaTeX Font Info:    Overwriting math alphabet `\mathfrak' in version `bold'
(Font)                  U/euf/m/n --> U/euf/b/n on input line 106.
))
("d:\Program Files\MiKTeX 2.9\tex\latex\amsmath\amsmath.sty"
Package: amsmath 2013/01/14 v2.14 AMS math features
\@mathmargin=\skip41

For additional information on amsmath, use the `?' option.
("d:\Program Files\MiKTeX 2.9\tex\latex\amsmath\amstext.sty"
Package: amstext 2000/06/29 v2.01

("d:\Program Files\MiKTeX 2.9\tex\latex\amsmath\amsgen.sty"
File: amsgen.sty 1999/11/30 v2.0
\@emptytoks=\toks16
\ex@=\dimen106
))
("d:\Program Files\MiKTeX 2.9\tex\latex\amsmath\amsbsy.sty"
Package: amsbsy 1999/11/29 v1.2d
\pmbraise@=\dimen107
)
("d:\Program Files\MiKTeX 2.9\tex\latex\amsmath\amsopn.sty"
Package: amsopn 1999/12/14 v2.01 operator names
)
\inf@bad=\count79
LaTeX Info: Redefining \frac on input line 210.
\uproot@=\count80
\leftroot@=\count81
LaTeX Info: Redefining \overline on input line 306.
\classnum@=\count82
\DOTSCASE@=\count83
LaTeX Info: Redefining \ldots on input line 378.
LaTeX Info: Redefining \dots on input line 381.
LaTeX Info: Redefining \cdots on input line 466.
\Mathstrutbox@=\box26
\strutbox@=\box27
\big@size=\dimen108
LaTeX Font Info:    Redeclaring font encoding OML on input line 566.
LaTeX Font Info:    Redeclaring font encoding OMS on input line 567.
\macc@depth=\count84
\c@MaxMatrixCols=\count85
\dotsspace@=\muskip10
\c@parentequation=\count86
\dspbrk@lvl=\count87
\tag@help=\toks17
\row@=\count88
\column@=\count89
\maxfields@=\count90
\andhelp@=\toks18
\eqnshift@=\dimen109
\alignsep@=\dimen110
\tagshift@=\dimen111
\tagwidth@=\dimen112
\totwidth@=\dimen113
\lineht@=\dimen114
\@envbody=\toks19
\multlinegap=\skip42
\multlinetaggap=\skip43
\mathdisplay@stack=\toks20
LaTeX Info: Redefining \[ on input line 2665.
LaTeX Info: Redefining \] on input line 2666.
)
Document Class 'sig-alternate' <9th June '13>. Modified by G.K.M. Tobin/Gerry M
urray/Boris Veytsman
Based in part upon document Style `acmconf' <22 May 89>. Hacked 4/91 by
shivers@cs.cmu.edu, 4/93 by theobald@cs.mcgill.ca
Excerpts were taken from (Journal Style) 'esub2acm.cls'.
****** Bugs/comments/suggestions/technicalities to Gerry Murray -- murray@hq.ac
m.org ******
Questions on the style, SIGS policies, etc. to Adrienne Griscti griscti@acm.org

\ACM@basesize=\count91
("d:\Program Files\MiKTeX 2.9\tex\latex\comment\comment.sty"
\CommentStream=\write3

Excluding comment 'comment') Excluding comment 'CCSXML'
\footheight=\dimen115
\@maxsep=\dimen116
\@dblmaxsep=\dimen117

("d:\Program Files\MiKTeX 2.9\tex\generic\oberdiek\ifpdf.sty"
Package: ifpdf 2011/01/30 v2.3 Provides the ifpdf switch (HO)
Package ifpdf Info: pdfTeX in PDF mode is not detected.
)
\aucount=\count92
\originalaucount=\count93
\auwidth=\dimen118
\auskip=\dimen119
\auskipcount=\count94
\auskip=\dimen120
\allauboxes=\dimen121
\addauthors=\toks21
\addauflag=\count95
\subtitletext=\toks22
\savesection=\count96
\sectioncntr=\count97
\c@figure=\count98
\c@table=\count99
\titleboxnotes=\toks23
\titleboxnoteflag=\count100


LaTeX Warning: You have requested document class `sig-alternate-05-2015',
               but the document class provides `sig-alternate'.

Document Class: sig-alternate 2013/05/12 v2.7 based on acmproc.cls V1.3 <Nov. 3
0 '99>
("d:\Program Files\MiKTeX 2.9\tex\latex\base\latexsym.sty"
Package: latexsym 1998/08/17 v2.2e Standard LaTeX package (lasy symbols)
\symlasy=\mathgroup6
LaTeX Font Info:    Overwriting symbol font `lasy' in version `bold'
(Font)                  U/lasy/m/n --> U/lasy/b/n on input line 52.
)
\@acmtitlebox=\box28
\titlenotecount=\count101
\tntoks=\toks24
\tntokstwo=\toks25
\tntoksthree=\toks26
\tntoksfour=\toks27
\tntoksfive=\toks28
\catcount=\count102
\copyrightnotice=\toks29
\conf=\toks30
\confinfo=\toks31
\c@part=\count103
\c@section=\count104
\c@subsection=\count105
\c@subsubsection=\count106
\c@paragraph=\count107

Using 'Abbrev' bibliography style
LaTeX Info: Redefining \cite on input line 1408.
\bibindent=\dimen122
\colcntr=\count108
\saveb@x=\box29
\copyrtyr=\toks32
\acmcopyr=\toks33
\boilerplate=\toks34
("d:\Program Files\MiKTeX 2.9\tex\latex\url\url.sty"
\Urlmuskip=\muskip11
Package: url 2013/09/16  ver 3.4  Verb mode for urls, etc.
) (acmcopyright.sty
Package: acmcopyright 2014/06/29 v1.2 Copyright statemens for ACM classes

("d:\Program Files\MiKTeX 2.9\tex\latex\xkeyval\xkeyval.sty"
Package: xkeyval 2014/12/03 v2.7a package option processing (HA)

("d:\Program Files\MiKTeX 2.9\tex\generic\xkeyval\xkeyval.tex"
("d:\Program Files\MiKTeX 2.9\tex\generic\xkeyval\xkvutils.tex"
\XKV@toks=\toks35
\XKV@tempa@toks=\toks36
)
\XKV@depth=\count109
File: xkeyval.tex 2014/12/03 v2.7a key=value parser (HA)
)))
\copyrightetc=\toks37

("d:\Program Files\MiKTeX 2.9\tex\latex\base\fontenc.sty"
Package: fontenc 2005/09/27 v1.99g Standard LaTeX package

("d:\Program Files\MiKTeX 2.9\tex\latex\base\t1enc.def"
File: t1enc.def 2005/09/27 v1.99g Standard LaTeX file
LaTeX Font Info:    Redeclaring font encoding T1 on input line 48.
)
LaTeX Font Info:    Try loading font information for T1+aer on input line 105.

("d:\Program Files\MiKTeX 2.9\tex\latex\ae\t1aer.fd"
File: t1aer.fd 1997/11/16 Font definitions for T1/aer.
)))
("Report for seminar Topics in Data Mining.aux")
\openout1 = `"Report for seminar Topics in Data Mining.aux"'.

LaTeX Font Info:    Checking defaults for OML/cmm/m/it on input line 4.
LaTeX Font Info:    ... okay on input line 4.
LaTeX Font Info:    Checking defaults for T1/cmr/m/n on input line 4.
LaTeX Font Info:    ... okay on input line 4.
LaTeX Font Info:    Checking defaults for OT1/cmr/m/n on input line 4.
LaTeX Font Info:    ... okay on input line 4.
LaTeX Font Info:    Checking defaults for OMS/cmsy/m/n on input line 4.
LaTeX Font Info:    ... okay on input line 4.
LaTeX Font Info:    Checking defaults for OMX/cmex/m/n on input line 4.
LaTeX Font Info:    ... okay on input line 4.
LaTeX Font Info:    Checking defaults for U/cmr/m/n on input line 4.
LaTeX Font Info:    ... okay on input line 4.
LaTeX Font Info:    Try loading font information for U+msa on input line 20.

("d:\Program Files\MiKTeX 2.9\tex\latex\amsfonts\umsa.fd"
File: umsa.fd 2013/01/14 v3.01 AMS symbols A
)
LaTeX Font Info:    Try loading font information for U+msb on input line 20.

("d:\Program Files\MiKTeX 2.9\tex\latex\amsfonts\umsb.fd"
File: umsb.fd 2013/01/14 v3.01 AMS symbols B
)
LaTeX Font Info:    Try loading font information for U+lasy on input line 20.

("d:\Program Files\MiKTeX 2.9\tex\latex\base\ulasy.fd"
File: ulasy.fd 1998/08/17 v2.2e LaTeX symbol font definitions
)
LaTeX Font Info:    Try loading font information for T1+ptm on input line 20.

("d:\Program Files\MiKTeX 2.9\tex\latex\psnfss\t1ptm.fd"
File: t1ptm.fd 2001/06/04 font definitions for T1/ptm.
)
LaTeX Font Info:    Try loading font information for OMS+ptm on input line 20.

("d:\Program Files\MiKTeX 2.9\tex\latex\psnfss\omsptm.fd"
File: omsptm.fd 
)
LaTeX Font Info:    Font shape `OMS/ptm/m/n' in size <7> not available
(Font)              Font shape `OMS/cmsy/m/n' tried instead on input line 20.


LaTeX Warning: Citation `JAIN:Clustering' on page \thepage  undefined on input 
line 26.


LaTeX Warning: Citation `GANTI:datachar' on page \thepage  undefined on input l
ine 26.


LaTeX Warning: Citation `BARTOLINI:panda' on page \thepage  undefined on input 
line 26.


LaTeX Warning: Citation `CHAWATHE:changedetection' on page \thepage  undefined 
on input line 26.


LaTeX Warning: Citation `SPILIOPOULOU:transition' on page \thepage  undefined o
n input line 26.


LaTeX Warning: Citation `FALKOWSKI:socialnet' on page \thepage  undefined on in
put line 26.


LaTeX Warning: Citation `YANG:spatiotemporal' on page \thepage  undefined on in
put line 26.


LaTeX Warning: Citation `BARON:monitorminingresults' on page \thepage  undefine
d on input line 26.


LaTeX Warning: Citation `BARON:webusagepattern' on page \thepage  undefined on 
input line 26.


LaTeX Warning: Citation `GANTI:datachar' on page \thepage  undefined on input l
ine 28.


LaTeX Warning: Citation `CHAWATHE:changedetection' on page \thepage  undefined 
on input line 28.


LaTeX Warning: Citation `BARON:webusagepattern' on page \thepage  undefined on 
input line 30.


LaTeX Warning: Citation `FALKOWSKI:socialnet' on page \thepage  undefined on in
put line 32.


LaTeX Warning: Citation `ASUR:event' on page \thepage  undefined on input line 
32.


LaTeX Warning: Citation `AGGARWAL:diagnosis' on page \thepage  undefined on inp
ut line 34.


LaTeX Warning: Citation `AGGARWAL:framework' on page \thepage  undefined on inp
ut line 34.


LaTeX Warning: Citation `CHEN:change' on page \thepage  undefined on input line
 34.


LaTeX Warning: Citation `OCALLAGHAN:highquality' on page \thepage  undefined on
 input line 34.


LaTeX Warning: Citation `ELNEKAVE' on page \thepage  undefined on input line 34
.


LaTeX Warning: Citation `KALNIS:movingclusters' on page \thepage  undefined on 
input line 34.


LaTeX Warning: Citation `LI:entropy' on page \thepage  undefined on input line 
34.


LaTeX Warning: Citation `SPILIOPOULOU:transition' on page \thepage  undefined o
n input line 36.


LaTeX Warning: Citation `SPILIOPOULOU:tracing' on page \thepage  undefined on i
nput line 36.


LaTeX Warning: Citation `OLIVEIRA:bipartite' on page \thepage  undefined on inp
ut line 36.


Overfull \hbox (7.6394pt too wide) in paragraph at lines 38--38
[]\secfnt SHORT DE-SCRIP-TION OF MEC FRAME-
 []

[1


]

LaTeX Warning: Citation `SPILIOPOULOU:transition' on page \thepage  undefined o
n input line 61.


LaTeX Warning: Citation `FALKOWSKI:socialnet' on page \thepage  undefined on in
put line 61.


LaTeX Warning: Citation `YANG:spatiotemporal' on page \thepage  undefined on in
put line 61.


LaTeX Warning: Citation `AGGARWAL:diagnosis' on page \thepage  undefined on inp
ut line 61.


LaTeX Warning: Citation `CHEN:change' on page \thepage  undefined on input line
 61.


LaTeX Warning: Citation `AGGARWAL:diagnosis' on page \thepage  undefined on inp
ut line 61.


LaTeX Warning: Citation `LI:entropy' on page \thepage  undefined on input line 
61.


LaTeX Warning: Citation `KAUR:concept' on page \thepage  undefined on input lin
e 61.


LaTeX Warning: Citation `ASUR:event' on page \thepage  undefined on input line 
61.


LaTeX Warning: Citation `SPILIOPOULOU:transition' on page \thepage  undefined o
n input line 70.

File: evolution.eps Graphic file (type eps)
<evolution.eps>
Overfull \hbox (11.12802pt too wide) in paragraph at lines 96--97
 [][][] 
 []

File: biparite_graph.eps Graphic file (type eps)
<biparite_graph.eps>
Overfull \hbox (1.80737pt too wide) in paragraph at lines 109--110
[][]\T1/aer/m/n/9 And the for-mal def-i-ni-tion of weighted bi-par-tite graph c
ould
 []

[2]

LaTeX Warning: Citation `SPILIOPOULOU:transition' on page \thepage  undefined o
n input line 130.


Overfull \hbox (8.92433pt too wide) in paragraph at lines 167--167
[]\secfnt THRESHOLDS' SEN-SI-TIV-ITY ANAL-Y-SIS 
 []

("Report for seminar Topics in Data Mining.bbl" [3]) [4]
("Report for seminar Topics in Data Mining.aux")

LaTeX Warning: Label(s) may have changed. Rerun to get cross-references right.

 ) 
Here is how much of TeX's memory you used:
 2267 strings out of 493635
 26861 string characters out of 3143762
 102023 words of memory out of 3000000
 5606 multiletter control sequences out of 15000+200000
 44606 words of font info for 60 fonts, out of 3000000 for 9000
 1025 hyphenation exceptions out of 8191
 39i,11n,34p,1270b,465s stack positions out of 5000i,500n,10000p,200000b,50000s

Output written on "Report for seminar Topics in Data Mining.dvi" (4 pages, 3734
0 bytes).
